{"name": "choose license", "status": "broken", "statusDetails": {"message": "Exception: Element by \"xpath\" with the value \"//*[@id=\"Buy\"]/div/div[1]/div[1]/div[2]/div\" cannot be found.", "trace": "E   selenium.common.exceptions.TimeoutException: Message: \n    Stacktrace:\n    Backtrace:\n    \tOrdinal0 [0x002AB8F3+2406643]\n    \tOrdinal0 [0x0023AF31+1945393]\n    \tOrdinal0 [0x0012C748+837448]\n    \tOrdinal0 [0x001592E0+1020640]\n    \tOrdinal0 [0x0015957B+1021307]\n    \tOrdinal0 [0x00186372+1205106]\n    \tOrdinal0 [0x001742C4+1131204]\n    \tOrdinal0 [0x00184682+1197698]\n    \tOrdinal0 [0x00174096+1130646]\n    \tOrdinal0 [0x0014E636+976438]\n    \tOrdinal0 [0x0014F546+980294]\n    \tGetHandleVerifier [0x00519612+2498066]\n    \tGetHandleVerifier [0x0050C920+2445600]\n    \tGetHandleVerifier [0x00344F2A+579370]\n    \tGetHandleVerifier [0x00343D36+574774]\n    \tOrdinal0 [0x00241C0B+1973259]\n    \tOrdinal0 [0x00246688+1992328]\n    \tOrdinal0 [0x00246775+1992565]\n    \tOrdinal0 [0x0024F8D1+2029777]\n    \tBaseThreadInitThunk [0x763A6739+25]\n    \tRtlGetFullPathName_UEx [0x77278E7F+1215]\n    \tRtlGetFullPathName_UEx [0x77278E4D+1165]\n    \t(No symbol) [0x00000000]\n\nDuring handling of the above exception, another exception occurred:\nE   Exception: Element by \"xpath\" with the value \"//*[@id=\"Buy\"]/div/div[1]/div[1]/div[2]/div\" cannot be found."}, "description": "Choose license", "steps": [{"name": "Choose License", "status": "broken", "statusDetails": {"message": "Exception: Element by \"xpath\" with the value \"//*[@id=\"Buy\"]/div/div[1]/div[1]/div[2]/div\" cannot be found.\n", "trace": "  File \"C:\\Users\\pc\\PycharmProjects\\pythonProject1\\SmartBearProject1\\venv\\lib\\site-packages\\allure_commons\\_allure.py\", line 172, in impl\n    return func(*a, **kw)\n  File \"C:\\Users\\pc\\PycharmProjects\\pythonProject1\\SmartBearProject1\\Pages\\License.py\", line 12, in click_license_dropdown\n    choose_license = BasePage.find_element(self,Locators.license_xpath)\n  File \"C:\\Users\\pc\\PycharmProjects\\pythonProject1\\SmartBearProject1\\Pages\\BasePage.py\", line 16, in find_element\n    raise Exception(\n"}, "start": 1652686013438, "stop": 1652686023976}], "attachments": [{"name": "test_choose_license-step__screenshot", "source": "fbce7db2-3ff7-4345-9712-8ccfdd663f88-attachment.png", "type": "image/png"}], "start": 1652686013437, "stop": 1652686023976, "uuid": "ec26f532-1e00-4c42-a15a-1ae90554bc3d", "historyId": "f6757a8409a9a02729c854a2fa05ddf8", "testCaseId": "4f338275d2bafd8252154bf2807ea787", "fullName": "Tests.Test_SmartBear.Test_SmartBear#test_choose_license", "labels": [{"name": "feature", "value": "SmartBear Test Automation Add Item To Cart"}, {"name": "story", "value": "FinalProject"}, {"name": "parentSuite", "value": "Tests"}, {"name": "suite", "value": "Test_SmartBear"}, {"name": "subSuite", "value": "Test_SmartBear"}, {"name": "host", "value": "DESKTOP-8MCCQ5O"}, {"name": "thread", "value": "23780-MainThread"}, {"name": "framework", "value": "pytest"}, {"name": "language", "value": "cpython3"}, {"name": "package", "value": "Tests.Test_SmartBear"}]}