{"name": "click cart shopQA button", "status": "broken", "statusDetails": {"message": "Exception: Element by \"css selector\" with the value \"#form > div.sb-legacy > div.store-content > div.container-wrap.home-tail > div > div > div:nth-child(3) > a\" cannot be found.", "trace": "E   selenium.common.exceptions.TimeoutException: Message: \n    Stacktrace:\n    Backtrace:\n    \tOrdinal0 [0x002AB8F3+2406643]\n    \tOrdinal0 [0x0023AF31+1945393]\n    \tOrdinal0 [0x0012C748+837448]\n    \tOrdinal0 [0x001592E0+1020640]\n    \tOrdinal0 [0x0015957B+1021307]\n    \tOrdinal0 [0x00186372+1205106]\n    \tOrdinal0 [0x001742C4+1131204]\n    \tOrdinal0 [0x00184682+1197698]\n    \tOrdinal0 [0x00174096+1130646]\n    \tOrdinal0 [0x0014E636+976438]\n    \tOrdinal0 [0x0014F546+980294]\n    \tGetHandleVerifier [0x00519612+2498066]\n    \tGetHandleVerifier [0x0050C920+2445600]\n    \tGetHandleVerifier [0x00344F2A+579370]\n    \tGetHandleVerifier [0x00343D36+574774]\n    \tOrdinal0 [0x00241C0B+1973259]\n    \tOrdinal0 [0x00246688+1992328]\n    \tOrdinal0 [0x00246775+1992565]\n    \tOrdinal0 [0x0024F8D1+2029777]\n    \tBaseThreadInitThunk [0x763A6739+25]\n    \tRtlGetFullPathName_UEx [0x77278E7F+1215]\n    \tRtlGetFullPathName_UEx [0x77278E4D+1165]\n    \t(No symbol) [0x00000000]\n\nDuring handling of the above exception, another exception occurred:\nE   Exception: Element by \"css selector\" with the value \"#form > div.sb-legacy > div.store-content > div.container-wrap.home-tail > div > div > div:nth-child(3) > a\" cannot be found."}, "description": "go to site and shop QAcomplete", "steps": [{"name": "click cart icon", "status": "broken", "statusDetails": {"message": "Exception: Element by \"css selector\" with the value \"#form > div.sb-legacy > div.store-content > div.container-wrap.home-tail > div > div > div:nth-child(3) > a\" cannot be found.\n", "trace": "  File \"C:\\Users\\pc\\PycharmProjects\\pythonProject1\\SmartBearProject1\\venv\\lib\\site-packages\\allure_commons\\_allure.py\", line 172, in impl\n    return func(*a, **kw)\n  File \"C:\\Users\\pc\\PycharmProjects\\pythonProject1\\SmartBearProject1\\Pages\\QAcompletePage.py\", line 12, in click_qa_complete_button\n    qa_button = BasePage.find_element(self,Locators.shop_qa_CLASS)\n  File \"C:\\Users\\pc\\PycharmProjects\\pythonProject1\\SmartBearProject1\\Pages\\BasePage.py\", line 16, in find_element\n    raise Exception(\n"}, "start": 1652686002793, "stop": 1652686013315}], "attachments": [{"name": "test_click_qa_complete_button-step__screenshot", "source": "50d5301e-ae53-4b15-92c5-3a6f1a96e88a-attachment.png", "type": "image/png"}], "start": 1652686002793, "stop": 1652686013315, "uuid": "112f274b-fd05-4016-b701-e286f06676c4", "historyId": "59cbd1b47644a3111a7a2bb986c191b3", "testCaseId": "3f733bd8b598ace7082414b1c279233b", "fullName": "Tests.Test_SmartBear.Test_SmartBear#test_click_qa_complete_button", "labels": [{"name": "feature", "value": "SmartBear Test Automation Add Item To Cart"}, {"name": "story", "value": "FinalProject"}, {"name": "parentSuite", "value": "Tests"}, {"name": "suite", "value": "Test_SmartBear"}, {"name": "subSuite", "value": "Test_SmartBear"}, {"name": "host", "value": "DESKTOP-8MCCQ5O"}, {"name": "thread", "value": "23780-MainThread"}, {"name": "framework", "value": "pytest"}, {"name": "language", "value": "cpython3"}, {"name": "package", "value": "Tests.Test_SmartBear"}]}